<?xml version="1.0" encoding="UTF-8"?>
<!-- Generated by org.testng.reporters.JUnitReportReporter -->
<testsuite hostname="Classroom-201" failures="0" tests="1" name="groups.Test1" time="0.011" errors="0" timestamp="2025-01-20T11:41:40 IST" skipped="0">
  <testcase classname="groups.Test1" name="SystemTestcase" time="0.011"/>
  <system-out/>
</testsuite> <!-- groups.Test1 -->
