<?xml version="1.0" encoding="UTF-8"?>
<!-- Generated by org.testng.reporters.JUnitReportReporter -->
<testsuite hostname="Classroom-201" failures="0" tests="1" name="testNG.Script01" time="0.010" errors="0" timestamp="2025-01-13T12:02:04 IST" skipped="0">
  <testcase classname="testNG.Script01" name="TC01" time="0.010"/>
  <system-out/>
</testsuite> <!-- testNG.Script01 -->
