<?xml version="1.0" encoding="UTF-8"?>
<!-- Generated by org.testng.reporters.JUnitReportReporter -->
<testsuite hostname="Classroom-201" failures="0" tests="4" name="testNG.Facebook" time="0.013" errors="0" timestamp="2025-01-15T12:12:02 IST" skipped="1">
  <testcase classname="testNG.Facebook" name="homepage" time="0.011"/>
  <system-out/>
  <testcase classname="testNG.Facebook" name="login" time="0.001"/>
  <system-out/>
  <testcase classname="testNG.Facebook" name="logout" time="0.001"/>
  <system-out/>
  <testcase classname="testNG.Facebook" name="signup">
    <skipped/>
  </testcase> <!-- signup -->
  <system-out/>
</testsuite> <!-- testNG.Facebook -->
