<?xml version="1.0" encoding="UTF-8"?>
<!-- Generated by org.testng.reporters.JUnitReportReporter -->
<testsuite hostname="Classroom-201" failures="0" tests="1" name="testNG_Basic_Framework.TC02" time="1.555" errors="0" timestamp="2025-01-16T12:24:15 IST" skipped="0">
  <testcase classname="testNG_Basic_Framework.TC02" name="CurrentUrl" time="1.555"/>
  <system-out/>
</testsuite> <!-- testNG_Basic_Framework.TC02 -->
