<?xml version="1.0" encoding="UTF-8"?>
<!-- Generated by org.testng.reporters.JUnitReportReporter -->
<testsuite hostname="Classroom-201" failures="0" tests="1" name="testNG_Basic_Framework.TC03" time="2.498" errors="0" timestamp="2025-01-16T12:24:15 IST" skipped="0">
  <testcase classname="testNG_Basic_Framework.TC03" name="Element" time="2.498"/>
  <system-out/>
</testsuite> <!-- testNG_Basic_Framework.TC03 -->
