<?xml version="1.0" encoding="UTF-8"?>
<!-- Generated by org.testng.reporters.JUnitReportReporter -->
<testsuite hostname="Classroom-201" failures="0" tests="2" name="groups.Test2" time="0.003" errors="0" timestamp="2025-01-20T11:29:01 IST" skipped="0">
  <testcase classname="groups.Test2" name="SmokeTestcase" time="0.002"/>
  <system-out/>
  <testcase classname="groups.Test2" name="FunctionalTestcase" time="0.001"/>
  <system-out/>
</testsuite> <!-- groups.Test2 -->
