<?xml version="1.0" encoding="UTF-8"?>
<!-- Generated by org.testng.reporters.JUnitReportReporter -->
<testsuite hostname="Classroom-201" failures="0" tests="2" name="testNG.Script02" time="0.001" errors="0" timestamp="2025-01-13T12:02:04 IST" skipped="0">
  <testcase classname="testNG.Script02" name="TC02" time="0.001"/>
  <system-out/>
  <testcase classname="testNG.Script02" name="TC03" time="0.000"/>
  <system-out/>
</testsuite> <!-- testNG.Script02 -->
